# JRE version: Java(TM) SE Runtime Environment (21.0.4+8) (build 21.0.4+8-LTS-274)
# Java VM: Java HotSpot(TM) 64-Bit Server VM (21.0.4+8-LTS-274, mixed mode, sharing, tiered, compressed oops, compressed class ptrs, g1 gc, windows-amd64)
GC Precious Log:
 CardTable entry size: 512
 Card Set container configuration: InlinePtr #cards 5 size 8 Array Of Cards #cards 12 size 40 Howl #buckets 4 coarsen threshold 1843 Howl Bitmap #cards 512 size 80 coarsen threshold 460 Card regions per heap region 1 cards per card region 2048
 CPUs: 2 total, 2 available
 Memory: 8073M
 Large Page Support: Disabled
 NUMA Support: Disabled
 Compressed Oops: Enabled (32-bit)
 Heap Region Size: 1M
 Heap Min Capacity: 8M
 Heap Initial Capacity: 128M
 Heap Max Capacity: 2020M
 Pre-touch: Disabled
 Parallel Workers: 2
 Concurrent Workers: 1
 Concurrent Refinement Workers: 2
 Periodic GC: Disabled
Heap:
 garbage-first heap   total 73728K, used 39004K [0x0000000081c00000, 0x0000000100000000)
  region size 1024K, 3 young (3072K), 1 survivors (1024K)
 Metaspace       used 83341K, committed 84160K, reserved 1179648K
  class space    used 10914K, committed 11328K, reserved 1048576K
GC Heap History (20 events):
Event: 37.066 GC heap before
{Heap before GC invocations=19 (full 0):
 garbage-first heap   total 56320K, used 45884K [0x0000000081c00000, 0x0000000100000000)
  region size 1024K, 18 young (18432K), 3 survivors (3072K)
 Metaspace       used 69331K, committed 70016K, reserved 1114112K
  class space    used 9341K, committed 9664K, reserved 1048576K
}
Event: 37.082 GC heap after
{Heap after GC invocations=20 (full 0):
 garbage-first heap   total 56320K, used 33069K [0x0000000081c00000, 0x0000000100000000)
  region size 1024K, 3 young (3072K), 3 survivors (3072K)
 Metaspace       used 69331K, committed 70016K, reserved 1114112K
  class space    used 9341K, committed 9664K, reserved 1048576K
}
Event: 38.181 GC heap before
{Heap before GC invocations=20 (full 0):
 garbage-first heap   total 56320K, used 48429K [0x0000000081c00000, 0x0000000100000000)
  region size 1024K, 18 young (18432K), 3 survivors (3072K)
 Metaspace       used 70672K, committed 71360K, reserved 1114112K
  class space    used 9534K, committed 9856K, reserved 1048576K
}
Event: 38.199 GC heap after
{Heap after GC invocations=21 (full 0):
 garbage-first heap   total 56320K, used 33863K [0x0000000081c00000, 0x0000000100000000)
  region size 1024K, 3 young (3072K), 3 survivors (3072K)
 Metaspace       used 70672K, committed 71360K, reserved 1114112K
  class space    used 9534K, committed 9856K, reserved 1048576K
}
Event: 39.603 GC heap before
{Heap before GC invocations=21 (full 0):
 garbage-first heap   total 56320K, used 48199K [0x0000000081c00000, 0x0000000100000000)
  region size 1024K, 17 young (17408K), 3 survivors (3072K)
 Metaspace       used 72190K, committed 72960K, reserved 1114112K
  class space    used 9748K, committed 10112K, reserved 1048576K
}
Event: 39.623 GC heap after
{Heap after GC invocations=22 (full 0):
 garbage-first heap   total 56320K, used 35026K [0x0000000081c00000, 0x0000000100000000)
  region size 1024K, 3 young (3072K), 3 survivors (3072K)
 Metaspace       used 72190K, committed 72960K, reserved 1114112K
  class space    used 9748K, committed 10112K, reserved 1048576K
}
Event: 41.154 GC heap before
{Heap before GC invocations=23 (full 0):
 garbage-first heap   total 61440K, used 48338K [0x0000000081c00000, 0x0000000100000000)
  region size 1024K, 17 young (17408K), 3 survivors (3072K)
 Metaspace       used 74303K, committed 75136K, reserved 1114112K
  class space    used 10178K, committed 10560K, reserved 1048576K
}
Event: 41.169 GC heap after
{Heap after GC invocations=24 (full 0):
 garbage-first heap   total 61440K, used 36163K [0x0000000081c00000, 0x0000000100000000)
  region size 1024K, 3 young (3072K), 3 survivors (3072K)
 Metaspace       used 74303K, committed 75136K, reserved 1114112K
  class space    used 10178K, committed 10560K, reserved 1048576K
}
Event: 41.727 GC heap before
{Heap before GC invocations=24 (full 0):
 garbage-first heap   total 61440K, used 54595K [0x0000000081c00000, 0x0000000100000000)
  region size 1024K, 21 young (21504K), 3 survivors (3072K)
 Metaspace       used 74871K, committed 75648K, reserved 1179648K
  class space    used 10221K, committed 10560K, reserved 1048576K
}
Event: 41.751 GC heap after
{Heap after GC invocations=25 (full 0):
 garbage-first heap   total 73728K, used 35925K [0x0000000081c00000, 0x0000000100000000)
  region size 1024K, 2 young (2048K), 2 survivors (2048K)
 Metaspace       used 74871K, committed 75648K, reserved 1179648K
  class space    used 10221K, committed 10560K, reserved 1048576K
}
Event: 66.614 GC heap before
{Heap before GC invocations=25 (full 0):
 garbage-first heap   total 73728K, used 64597K [0x0000000081c00000, 0x0000000100000000)
  region size 1024K, 31 young (31744K), 2 survivors (2048K)
 Metaspace       used 80446K, committed 81216K, reserved 1179648K
  class space    used 10822K, committed 11136K, reserved 1048576K
}
Event: 66.711 GC heap after
{Heap after GC invocations=26 (full 0):
 garbage-first heap   total 73728K, used 38034K [0x0000000081c00000, 0x0000000100000000)
  region size 1024K, 4 young (4096K), 4 survivors (4096K)
 Metaspace       used 80446K, committed 81216K, reserved 1179648K
  class space    used 10822K, committed 11136K, reserved 1048576K
}
Event: 257.376 GC heap before
{Heap before GC invocations=27 (full 0):
 garbage-first heap   total 73728K, used 62610K [0x0000000081c00000, 0x0000000100000000)
  region size 1024K, 29 young (29696K), 4 survivors (4096K)
 Metaspace       used 81832K, committed 82752K, reserved 1179648K
  class space    used 10904K, committed 11328K, reserved 1048576K
}
Event: 257.403 GC heap after
{Heap after GC invocations=28 (full 0):
 garbage-first heap   total 73728K, used 38088K [0x0000000081c00000, 0x0000000100000000)
  region size 1024K, 3 young (3072K), 3 survivors (3072K)
 Metaspace       used 81832K, committed 82752K, reserved 1179648K
  class space    used 10904K, committed 11328K, reserved 1048576K
}
Event: 304.273 GC heap before
{Heap before GC invocations=28 (full 0):
 garbage-first heap   total 73728K, used 63688K [0x0000000081c00000, 0x0000000100000000)
  region size 1024K, 29 young (29696K), 3 survivors (3072K)
 Metaspace       used 82321K, committed 83200K, reserved 1179648K
  class space    used 10911K, committed 11328K, reserved 1048576K
}
Event: 304.312 GC heap after
{Heap after GC invocations=29 (full 0):
 garbage-first heap   total 73728K, used 37942K [0x0000000081c00000, 0x0000000100000000)
  region size 1024K, 1 young (1024K), 1 survivors (1024K)
 Metaspace       used 82321K, committed 83200K, reserved 1179648K
  class space    used 10911K, committed 11328K, reserved 1048576K
}
Event: 323.325 GC heap before
{Heap before GC invocations=29 (full 0):
 garbage-first heap   total 73728K, used 65590K [0x0000000081c00000, 0x0000000100000000)
  region size 1024K, 29 young (29696K), 1 survivors (1024K)
 Metaspace       used 82621K, committed 83520K, reserved 1179648K
  class space    used 10914K, committed 11328K, reserved 1048576K
}
Event: 323.349 GC heap after
{Heap after GC invocations=30 (full 0):
 garbage-first heap   total 73728K, used 37965K [0x0000000081c00000, 0x0000000100000000)
  region size 1024K, 1 young (1024K), 1 survivors (1024K)
 Metaspace       used 82621K, committed 83520K, reserved 1179648K
  class space    used 10914K, committed 11328K, reserved 1048576K
}
Event: 336.041 GC heap before
{Heap before GC invocations=31 (full 0):
 garbage-first heap   total 73728K, used 65613K [0x0000000081c00000, 0x0000000100000000)
  region size 1024K, 29 young (29696K), 1 survivors (1024K)
 Metaspace       used 83331K, committed 84160K, reserved 1179648K
  class space    used 10914K, committed 11328K, reserved 1048576K
}
Event: 336.049 GC heap after
{Heap after GC invocations=32 (full 0):
 garbage-first heap   total 73728K, used 37980K [0x0000000081c00000, 0x0000000100000000)
  region size 1024K, 1 young (1024K), 1 survivors (1024K)
 Metaspace       used 83331K, committed 84160K, reserved 1179648K
  class space    used 10914K, committed 11328K, reserved 1048576K
}

